<?xml version="1.0" encoding="UTF-8"?>
<!-- Generated by org.testng.reporters.JUnitReportReporter -->
<testsuite hostname="TGC-VR-134" failures="0" tests="1" name="pom.facebook.testcase.TC_Facebook" time="19.180" errors="0" timestamp="2022-05-30T11:42:35 IST" skipped="0">
  <testcase classname="pom.facebook.testcase.TC_Facebook" name="faceboSignup" time="19.180"/>
  <system-out/>
</testsuite> <!-- pom.facebook.testcase.TC_Facebook -->
